leftImg8bit/train/aachen/aachen_000010_000019_leftImg8bit.png	gtFine/train/aachen/aachen_000010_000019_gtFine_labelIds.png
leftImg8bit/train/aachen/aachen_000029_000019_leftImg8bit.png	gtFine/train/aachen/aachen_000029_000019_gtFine_labelIds.png
leftImg8bit/train/aachen/aachen_000031_000019_leftImg8bit.png	gtFine/train/aachen/aachen_000031_000019_gtFine_labelIds.png
leftImg8bit/train/aachen/aachen_000045_000019_leftImg8bit.png	gtFine/train/aachen/aachen_000045_000019_gtFine_labelIds.png
leftImg8bit/train/aachen/aachen_000053_000019_leftImg8bit.png	gtFine/train/aachen/aachen_000053_000019_gtFine_labelIds.png
leftImg8bit/train/aachen/aachen_000065_000019_leftImg8bit.png	gtFine/train/aachen/aachen_000065_000019_gtFine_labelIds.png
leftImg8bit/train/aachen/aachen_000075_000019_leftImg8bit.png	gtFine/train/aachen/aachen_000075_000019_gtFine_labelIds.png
leftImg8bit/train/aachen/aachen_000086_000019_leftImg8bit.png	gtFine/train/aachen/aachen_000086_000019_gtFine_labelIds.png
leftImg8bit/train/aachen/aachen_000106_000019_leftImg8bit.png	gtFine/train/aachen/aachen_000106_000019_gtFine_labelIds.png
leftImg8bit/train/aachen/aachen_000110_000019_leftImg8bit.png	gtFine/train/aachen/aachen_000110_000019_gtFine_labelIds.png
leftImg8bit/train/aachen/aachen_000131_000019_leftImg8bit.png	gtFine/train/aachen/aachen_000131_000019_gtFine_labelIds.png
leftImg8bit/train/aachen/aachen_000132_000019_leftImg8bit.png	gtFine/train/aachen/aachen_000132_000019_gtFine_labelIds.png
leftImg8bit/train/aachen/aachen_000141_000019_leftImg8bit.png	gtFine/train/aachen/aachen_000141_000019_gtFine_labelIds.png
leftImg8bit/train/aachen/aachen_000146_000019_leftImg8bit.png	gtFine/train/aachen/aachen_000146_000019_gtFine_labelIds.png
leftImg8bit/train/aachen/aachen_000173_000019_leftImg8bit.png	gtFine/train/aachen/aachen_000173_000019_gtFine_labelIds.png
leftImg8bit/train/bochum/bochum_000000_001828_leftImg8bit.png	gtFine/train/bochum/bochum_000000_001828_gtFine_labelIds.png
leftImg8bit/train/bochum/bochum_000000_006026_leftImg8bit.png	gtFine/train/bochum/bochum_000000_006026_gtFine_labelIds.png
leftImg8bit/train/bochum/bochum_000000_006484_leftImg8bit.png	gtFine/train/bochum/bochum_000000_006484_gtFine_labelIds.png
leftImg8bit/train/bochum/bochum_000000_007150_leftImg8bit.png	gtFine/train/bochum/bochum_000000_007150_gtFine_labelIds.png
leftImg8bit/train/bochum/bochum_000000_007651_leftImg8bit.png	gtFine/train/bochum/bochum_000000_007651_gtFine_labelIds.png
leftImg8bit/train/bochum/bochum_000000_017216_leftImg8bit.png	gtFine/train/bochum/bochum_000000_017216_gtFine_labelIds.png
leftImg8bit/train/bochum/bochum_000000_019188_leftImg8bit.png	gtFine/train/bochum/bochum_000000_019188_gtFine_labelIds.png
leftImg8bit/train/bochum/bochum_000000_020899_leftImg8bit.png	gtFine/train/bochum/bochum_000000_020899_gtFine_labelIds.png
leftImg8bit/train/bochum/bochum_000000_021070_leftImg8bit.png	gtFine/train/bochum/bochum_000000_021070_gtFine_labelIds.png
leftImg8bit/train/bremen/bremen_000004_000019_leftImg8bit.png	gtFine/train/bremen/bremen_000004_000019_gtFine_labelIds.png
leftImg8bit/train/bremen/bremen_000007_000019_leftImg8bit.png	gtFine/train/bremen/bremen_000007_000019_gtFine_labelIds.png
leftImg8bit/train/bremen/bremen_000010_000019_leftImg8bit.png	gtFine/train/bremen/bremen_000010_000019_gtFine_labelIds.png
leftImg8bit/train/bremen/bremen_000011_000019_leftImg8bit.png	gtFine/train/bremen/bremen_000011_000019_gtFine_labelIds.png
leftImg8bit/train/bremen/bremen_000017_000019_leftImg8bit.png	gtFine/train/bremen/bremen_000017_000019_gtFine_labelIds.png
leftImg8bit/train/bremen/bremen_000033_000019_leftImg8bit.png	gtFine/train/bremen/bremen_000033_000019_gtFine_labelIds.png
leftImg8bit/train/bremen/bremen_000044_000019_leftImg8bit.png	gtFine/train/bremen/bremen_000044_000019_gtFine_labelIds.png
leftImg8bit/train/bremen/bremen_000050_000019_leftImg8bit.png	gtFine/train/bremen/bremen_000050_000019_gtFine_labelIds.png
leftImg8bit/train/bremen/bremen_000052_000019_leftImg8bit.png	gtFine/train/bremen/bremen_000052_000019_gtFine_labelIds.png
leftImg8bit/train/bremen/bremen_000053_000019_leftImg8bit.png	gtFine/train/bremen/bremen_000053_000019_gtFine_labelIds.png
leftImg8bit/train/bremen/bremen_000059_000019_leftImg8bit.png	gtFine/train/bremen/bremen_000059_000019_gtFine_labelIds.png
leftImg8bit/train/bremen/bremen_000067_000019_leftImg8bit.png	gtFine/train/bremen/bremen_000067_000019_gtFine_labelIds.png
leftImg8bit/train/bremen/bremen_000069_000019_leftImg8bit.png	gtFine/train/bremen/bremen_000069_000019_gtFine_labelIds.png
leftImg8bit/train/bremen/bremen_000073_000019_leftImg8bit.png	gtFine/train/bremen/bremen_000073_000019_gtFine_labelIds.png
leftImg8bit/train/bremen/bremen_000076_000019_leftImg8bit.png	gtFine/train/bremen/bremen_000076_000019_gtFine_labelIds.png
leftImg8bit/train/bremen/bremen_000078_000019_leftImg8bit.png	gtFine/train/bremen/bremen_000078_000019_gtFine_labelIds.png
leftImg8bit/train/bremen/bremen_000081_000019_leftImg8bit.png	gtFine/train/bremen/bremen_000081_000019_gtFine_labelIds.png
leftImg8bit/train/bremen/bremen_000083_000019_leftImg8bit.png	gtFine/train/bremen/bremen_000083_000019_gtFine_labelIds.png
leftImg8bit/train/bremen/bremen_000084_000019_leftImg8bit.png	gtFine/train/bremen/bremen_000084_000019_gtFine_labelIds.png
leftImg8bit/train/bremen/bremen_000085_000019_leftImg8bit.png	gtFine/train/bremen/bremen_000085_000019_gtFine_labelIds.png
leftImg8bit/train/bremen/bremen_000086_000019_leftImg8bit.png	gtFine/train/bremen/bremen_000086_000019_gtFine_labelIds.png
leftImg8bit/train/bremen/bremen_000089_000019_leftImg8bit.png	gtFine/train/bremen/bremen_000089_000019_gtFine_labelIds.png
leftImg8bit/train/bremen/bremen_000090_000019_leftImg8bit.png	gtFine/train/bremen/bremen_000090_000019_gtFine_labelIds.png
leftImg8bit/train/bremen/bremen_000095_000019_leftImg8bit.png	gtFine/train/bremen/bremen_000095_000019_gtFine_labelIds.png
leftImg8bit/train/bremen/bremen_000106_000019_leftImg8bit.png	gtFine/train/bremen/bremen_000106_000019_gtFine_labelIds.png
leftImg8bit/train/bremen/bremen_000109_000019_leftImg8bit.png	gtFine/train/bremen/bremen_000109_000019_gtFine_labelIds.png
leftImg8bit/train/bremen/bremen_000110_000019_leftImg8bit.png	gtFine/train/bremen/bremen_000110_000019_gtFine_labelIds.png
leftImg8bit/train/bremen/bremen_000116_000019_leftImg8bit.png	gtFine/train/bremen/bremen_000116_000019_gtFine_labelIds.png
leftImg8bit/train/bremen/bremen_000119_000019_leftImg8bit.png	gtFine/train/bremen/bremen_000119_000019_gtFine_labelIds.png
leftImg8bit/train/bremen/bremen_000133_000019_leftImg8bit.png	gtFine/train/bremen/bremen_000133_000019_gtFine_labelIds.png
leftImg8bit/train/bremen/bremen_000135_000019_leftImg8bit.png	gtFine/train/bremen/bremen_000135_000019_gtFine_labelIds.png
leftImg8bit/train/bremen/bremen_000138_000019_leftImg8bit.png	gtFine/train/bremen/bremen_000138_000019_gtFine_labelIds.png
leftImg8bit/train/bremen/bremen_000144_000019_leftImg8bit.png	gtFine/train/bremen/bremen_000144_000019_gtFine_labelIds.png
leftImg8bit/train/bremen/bremen_000148_000019_leftImg8bit.png	gtFine/train/bremen/bremen_000148_000019_gtFine_labelIds.png
leftImg8bit/train/bremen/bremen_000153_000019_leftImg8bit.png	gtFine/train/bremen/bremen_000153_000019_gtFine_labelIds.png
leftImg8bit/train/bremen/bremen_000159_000019_leftImg8bit.png	gtFine/train/bremen/bremen_000159_000019_gtFine_labelIds.png
leftImg8bit/train/bremen/bremen_000160_000019_leftImg8bit.png	gtFine/train/bremen/bremen_000160_000019_gtFine_labelIds.png
leftImg8bit/train/bremen/bremen_000183_000019_leftImg8bit.png	gtFine/train/bremen/bremen_000183_000019_gtFine_labelIds.png
leftImg8bit/train/bremen/bremen_000210_000019_leftImg8bit.png	gtFine/train/bremen/bremen_000210_000019_gtFine_labelIds.png
leftImg8bit/train/bremen/bremen_000217_000019_leftImg8bit.png	gtFine/train/bremen/bremen_000217_000019_gtFine_labelIds.png
leftImg8bit/train/bremen/bremen_000220_000019_leftImg8bit.png	gtFine/train/bremen/bremen_000220_000019_gtFine_labelIds.png
leftImg8bit/train/bremen/bremen_000253_000019_leftImg8bit.png	gtFine/train/bremen/bremen_000253_000019_gtFine_labelIds.png
leftImg8bit/train/bremen/bremen_000254_000019_leftImg8bit.png	gtFine/train/bremen/bremen_000254_000019_gtFine_labelIds.png
leftImg8bit/train/bremen/bremen_000264_000019_leftImg8bit.png	gtFine/train/bremen/bremen_000264_000019_gtFine_labelIds.png
leftImg8bit/train/bremen/bremen_000283_000019_leftImg8bit.png	gtFine/train/bremen/bremen_000283_000019_gtFine_labelIds.png
leftImg8bit/train/bremen/bremen_000287_000019_leftImg8bit.png	gtFine/train/bremen/bremen_000287_000019_gtFine_labelIds.png
leftImg8bit/train/bremen/bremen_000307_000019_leftImg8bit.png	gtFine/train/bremen/bremen_000307_000019_gtFine_labelIds.png
leftImg8bit/train/bremen/bremen_000310_000019_leftImg8bit.png	gtFine/train/bremen/bremen_000310_000019_gtFine_labelIds.png
leftImg8bit/train/bremen/bremen_000314_000019_leftImg8bit.png	gtFine/train/bremen/bremen_000314_000019_gtFine_labelIds.png
leftImg8bit/train/cologne/cologne_000006_000019_leftImg8bit.png	gtFine/train/cologne/cologne_000006_000019_gtFine_labelIds.png
leftImg8bit/train/cologne/cologne_000008_000019_leftImg8bit.png	gtFine/train/cologne/cologne_000008_000019_gtFine_labelIds.png
leftImg8bit/train/cologne/cologne_000011_000019_leftImg8bit.png	gtFine/train/cologne/cologne_000011_000019_gtFine_labelIds.png
leftImg8bit/train/cologne/cologne_000012_000019_leftImg8bit.png	gtFine/train/cologne/cologne_000012_000019_gtFine_labelIds.png
leftImg8bit/train/cologne/cologne_000014_000019_leftImg8bit.png	gtFine/train/cologne/cologne_000014_000019_gtFine_labelIds.png
leftImg8bit/train/cologne/cologne_000018_000019_leftImg8bit.png	gtFine/train/cologne/cologne_000018_000019_gtFine_labelIds.png
leftImg8bit/train/cologne/cologne_000022_000019_leftImg8bit.png	gtFine/train/cologne/cologne_000022_000019_gtFine_labelIds.png
leftImg8bit/train/cologne/cologne_000023_000019_leftImg8bit.png	gtFine/train/cologne/cologne_000023_000019_gtFine_labelIds.png
leftImg8bit/train/cologne/cologne_000034_000019_leftImg8bit.png	gtFine/train/cologne/cologne_000034_000019_gtFine_labelIds.png
leftImg8bit/train/cologne/cologne_000035_000019_leftImg8bit.png	gtFine/train/cologne/cologne_000035_000019_gtFine_labelIds.png
leftImg8bit/train/cologne/cologne_000046_000019_leftImg8bit.png	gtFine/train/cologne/cologne_000046_000019_gtFine_labelIds.png
leftImg8bit/train/cologne/cologne_000047_000019_leftImg8bit.png	gtFine/train/cologne/cologne_000047_000019_gtFine_labelIds.png
leftImg8bit/train/cologne/cologne_000050_000019_leftImg8bit.png	gtFine/train/cologne/cologne_000050_000019_gtFine_labelIds.png
leftImg8bit/train/cologne/cologne_000059_000019_leftImg8bit.png	gtFine/train/cologne/cologne_000059_000019_gtFine_labelIds.png
leftImg8bit/train/cologne/cologne_000061_000019_leftImg8bit.png	gtFine/train/cologne/cologne_000061_000019_gtFine_labelIds.png
leftImg8bit/train/cologne/cologne_000064_000019_leftImg8bit.png	gtFine/train/cologne/cologne_000064_000019_gtFine_labelIds.png
leftImg8bit/train/cologne/cologne_000068_000019_leftImg8bit.png	gtFine/train/cologne/cologne_000068_000019_gtFine_labelIds.png
leftImg8bit/train/cologne/cologne_000083_000019_leftImg8bit.png	gtFine/train/cologne/cologne_000083_000019_gtFine_labelIds.png
leftImg8bit/train/cologne/cologne_000100_000019_leftImg8bit.png	gtFine/train/cologne/cologne_000100_000019_gtFine_labelIds.png
leftImg8bit/train/cologne/cologne_000108_000019_leftImg8bit.png	gtFine/train/cologne/cologne_000108_000019_gtFine_labelIds.png
leftImg8bit/train/cologne/cologne_000111_000019_leftImg8bit.png	gtFine/train/cologne/cologne_000111_000019_gtFine_labelIds.png
leftImg8bit/train/cologne/cologne_000120_000019_leftImg8bit.png	gtFine/train/cologne/cologne_000120_000019_gtFine_labelIds.png
leftImg8bit/train/cologne/cologne_000134_000019_leftImg8bit.png	gtFine/train/cologne/cologne_000134_000019_gtFine_labelIds.png
leftImg8bit/train/cologne/cologne_000137_000019_leftImg8bit.png	gtFine/train/cologne/cologne_000137_000019_gtFine_labelIds.png
leftImg8bit/train/cologne/cologne_000141_000019_leftImg8bit.png	gtFine/train/cologne/cologne_000141_000019_gtFine_labelIds.png
leftImg8bit/train/cologne/cologne_000148_000019_leftImg8bit.png	gtFine/train/cologne/cologne_000148_000019_gtFine_labelIds.png
leftImg8bit/train/darmstadt/darmstadt_000003_000019_leftImg8bit.png	gtFine/train/darmstadt/darmstadt_000003_000019_gtFine_labelIds.png
leftImg8bit/train/darmstadt/darmstadt_000007_000019_leftImg8bit.png	gtFine/train/darmstadt/darmstadt_000007_000019_gtFine_labelIds.png
leftImg8bit/train/darmstadt/darmstadt_000013_000019_leftImg8bit.png	gtFine/train/darmstadt/darmstadt_000013_000019_gtFine_labelIds.png
leftImg8bit/train/darmstadt/darmstadt_000016_000019_leftImg8bit.png	gtFine/train/darmstadt/darmstadt_000016_000019_gtFine_labelIds.png
leftImg8bit/train/darmstadt/darmstadt_000025_000019_leftImg8bit.png	gtFine/train/darmstadt/darmstadt_000025_000019_gtFine_labelIds.png
leftImg8bit/train/darmstadt/darmstadt_000026_000019_leftImg8bit.png	gtFine/train/darmstadt/darmstadt_000026_000019_gtFine_labelIds.png
leftImg8bit/train/darmstadt/darmstadt_000027_000019_leftImg8bit.png	gtFine/train/darmstadt/darmstadt_000027_000019_gtFine_labelIds.png
leftImg8bit/train/darmstadt/darmstadt_000028_000019_leftImg8bit.png	gtFine/train/darmstadt/darmstadt_000028_000019_gtFine_labelIds.png
leftImg8bit/train/darmstadt/darmstadt_000029_000019_leftImg8bit.png	gtFine/train/darmstadt/darmstadt_000029_000019_gtFine_labelIds.png
leftImg8bit/train/darmstadt/darmstadt_000031_000019_leftImg8bit.png	gtFine/train/darmstadt/darmstadt_000031_000019_gtFine_labelIds.png
leftImg8bit/train/darmstadt/darmstadt_000032_000019_leftImg8bit.png	gtFine/train/darmstadt/darmstadt_000032_000019_gtFine_labelIds.png
leftImg8bit/train/darmstadt/darmstadt_000035_000019_leftImg8bit.png	gtFine/train/darmstadt/darmstadt_000035_000019_gtFine_labelIds.png
leftImg8bit/train/darmstadt/darmstadt_000056_000019_leftImg8bit.png	gtFine/train/darmstadt/darmstadt_000056_000019_gtFine_labelIds.png
leftImg8bit/train/darmstadt/darmstadt_000058_000019_leftImg8bit.png	gtFine/train/darmstadt/darmstadt_000058_000019_gtFine_labelIds.png
leftImg8bit/train/darmstadt/darmstadt_000063_000019_leftImg8bit.png	gtFine/train/darmstadt/darmstadt_000063_000019_gtFine_labelIds.png
leftImg8bit/train/darmstadt/darmstadt_000076_000019_leftImg8bit.png	gtFine/train/darmstadt/darmstadt_000076_000019_gtFine_labelIds.png
leftImg8bit/train/darmstadt/darmstadt_000080_000019_leftImg8bit.png	gtFine/train/darmstadt/darmstadt_000080_000019_gtFine_labelIds.png
leftImg8bit/train/darmstadt/darmstadt_000081_000019_leftImg8bit.png	gtFine/train/darmstadt/darmstadt_000081_000019_gtFine_labelIds.png
leftImg8bit/train/darmstadt/darmstadt_000082_000019_leftImg8bit.png	gtFine/train/darmstadt/darmstadt_000082_000019_gtFine_labelIds.png
leftImg8bit/train/dusseldorf/dusseldorf_000000_000019_leftImg8bit.png	gtFine/train/dusseldorf/dusseldorf_000000_000019_gtFine_labelIds.png
leftImg8bit/train/dusseldorf/dusseldorf_000036_000019_leftImg8bit.png	gtFine/train/dusseldorf/dusseldorf_000036_000019_gtFine_labelIds.png
leftImg8bit/train/dusseldorf/dusseldorf_000090_000019_leftImg8bit.png	gtFine/train/dusseldorf/dusseldorf_000090_000019_gtFine_labelIds.png
leftImg8bit/train/dusseldorf/dusseldorf_000117_000019_leftImg8bit.png	gtFine/train/dusseldorf/dusseldorf_000117_000019_gtFine_labelIds.png
leftImg8bit/train/dusseldorf/dusseldorf_000151_000019_leftImg8bit.png	gtFine/train/dusseldorf/dusseldorf_000151_000019_gtFine_labelIds.png
leftImg8bit/train/dusseldorf/dusseldorf_000164_000019_leftImg8bit.png	gtFine/train/dusseldorf/dusseldorf_000164_000019_gtFine_labelIds.png
leftImg8bit/train/dusseldorf/dusseldorf_000185_000019_leftImg8bit.png	gtFine/train/dusseldorf/dusseldorf_000185_000019_gtFine_labelIds.png
leftImg8bit/train/dusseldorf/dusseldorf_000212_000019_leftImg8bit.png	gtFine/train/dusseldorf/dusseldorf_000212_000019_gtFine_labelIds.png
leftImg8bit/train/erfurt/erfurt_000000_000019_leftImg8bit.png	gtFine/train/erfurt/erfurt_000000_000019_gtFine_labelIds.png
leftImg8bit/train/erfurt/erfurt_000008_000019_leftImg8bit.png	gtFine/train/erfurt/erfurt_000008_000019_gtFine_labelIds.png
leftImg8bit/train/erfurt/erfurt_000019_000019_leftImg8bit.png	gtFine/train/erfurt/erfurt_000019_000019_gtFine_labelIds.png
leftImg8bit/train/erfurt/erfurt_000020_000019_leftImg8bit.png	gtFine/train/erfurt/erfurt_000020_000019_gtFine_labelIds.png
leftImg8bit/train/erfurt/erfurt_000025_000019_leftImg8bit.png	gtFine/train/erfurt/erfurt_000025_000019_gtFine_labelIds.png
leftImg8bit/train/erfurt/erfurt_000028_000019_leftImg8bit.png	gtFine/train/erfurt/erfurt_000028_000019_gtFine_labelIds.png
leftImg8bit/train/erfurt/erfurt_000032_000019_leftImg8bit.png	gtFine/train/erfurt/erfurt_000032_000019_gtFine_labelIds.png
leftImg8bit/train/erfurt/erfurt_000055_000019_leftImg8bit.png	gtFine/train/erfurt/erfurt_000055_000019_gtFine_labelIds.png
leftImg8bit/train/erfurt/erfurt_000080_000019_leftImg8bit.png	gtFine/train/erfurt/erfurt_000080_000019_gtFine_labelIds.png
leftImg8bit/train/erfurt/erfurt_000087_000019_leftImg8bit.png	gtFine/train/erfurt/erfurt_000087_000019_gtFine_labelIds.png
leftImg8bit/train/erfurt/erfurt_000102_000019_leftImg8bit.png	gtFine/train/erfurt/erfurt_000102_000019_gtFine_labelIds.png
leftImg8bit/train/hamburg/hamburg_000000_000042_leftImg8bit.png	gtFine/train/hamburg/hamburg_000000_000042_gtFine_labelIds.png
leftImg8bit/train/hamburg/hamburg_000000_001613_leftImg8bit.png	gtFine/train/hamburg/hamburg_000000_001613_gtFine_labelIds.png
leftImg8bit/train/hamburg/hamburg_000000_002095_leftImg8bit.png	gtFine/train/hamburg/hamburg_000000_002095_gtFine_labelIds.png
leftImg8bit/train/hamburg/hamburg_000000_002338_leftImg8bit.png	gtFine/train/hamburg/hamburg_000000_002338_gtFine_labelIds.png
leftImg8bit/train/hamburg/hamburg_000000_005639_leftImg8bit.png	gtFine/train/hamburg/hamburg_000000_005639_gtFine_labelIds.png
leftImg8bit/train/hamburg/hamburg_000000_006192_leftImg8bit.png	gtFine/train/hamburg/hamburg_000000_006192_gtFine_labelIds.png
leftImg8bit/train/hamburg/hamburg_000000_006322_leftImg8bit.png	gtFine/train/hamburg/hamburg_000000_006322_gtFine_labelIds.png
leftImg8bit/train/hamburg/hamburg_000000_011641_leftImg8bit.png	gtFine/train/hamburg/hamburg_000000_011641_gtFine_labelIds.png
leftImg8bit/train/hamburg/hamburg_000000_016447_leftImg8bit.png	gtFine/train/hamburg/hamburg_000000_016447_gtFine_labelIds.png
leftImg8bit/train/hamburg/hamburg_000000_016928_leftImg8bit.png	gtFine/train/hamburg/hamburg_000000_016928_gtFine_labelIds.png
leftImg8bit/train/hamburg/hamburg_000000_018592_leftImg8bit.png	gtFine/train/hamburg/hamburg_000000_018592_gtFine_labelIds.png
leftImg8bit/train/hamburg/hamburg_000000_018878_leftImg8bit.png	gtFine/train/hamburg/hamburg_000000_018878_gtFine_labelIds.png
leftImg8bit/train/hamburg/hamburg_000000_019892_leftImg8bit.png	gtFine/train/hamburg/hamburg_000000_019892_gtFine_labelIds.png
leftImg8bit/train/hamburg/hamburg_000000_020211_leftImg8bit.png	gtFine/train/hamburg/hamburg_000000_020211_gtFine_labelIds.png
leftImg8bit/train/hamburg/hamburg_000000_022524_leftImg8bit.png	gtFine/train/hamburg/hamburg_000000_022524_gtFine_labelIds.png
leftImg8bit/train/hamburg/hamburg_000000_023472_leftImg8bit.png	gtFine/train/hamburg/hamburg_000000_023472_gtFine_labelIds.png
leftImg8bit/train/hamburg/hamburg_000000_024251_leftImg8bit.png	gtFine/train/hamburg/hamburg_000000_024251_gtFine_labelIds.png
leftImg8bit/train/hamburg/hamburg_000000_025986_leftImg8bit.png	gtFine/train/hamburg/hamburg_000000_025986_gtFine_labelIds.png
leftImg8bit/train/hamburg/hamburg_000000_026675_leftImg8bit.png	gtFine/train/hamburg/hamburg_000000_026675_gtFine_labelIds.png
leftImg8bit/train/hamburg/hamburg_000000_027304_leftImg8bit.png	gtFine/train/hamburg/hamburg_000000_027304_gtFine_labelIds.png
leftImg8bit/train/hamburg/hamburg_000000_027857_leftImg8bit.png	gtFine/train/hamburg/hamburg_000000_027857_gtFine_labelIds.png
leftImg8bit/train/hamburg/hamburg_000000_028056_leftImg8bit.png	gtFine/train/hamburg/hamburg_000000_028056_gtFine_labelIds.png
leftImg8bit/train/hamburg/hamburg_000000_028439_leftImg8bit.png	gtFine/train/hamburg/hamburg_000000_028439_gtFine_labelIds.png
leftImg8bit/train/hamburg/hamburg_000000_030279_leftImg8bit.png	gtFine/train/hamburg/hamburg_000000_030279_gtFine_labelIds.png
leftImg8bit/train/hamburg/hamburg_000000_032266_leftImg8bit.png	gtFine/train/hamburg/hamburg_000000_032266_gtFine_labelIds.png
leftImg8bit/train/hamburg/hamburg_000000_032460_leftImg8bit.png	gtFine/train/hamburg/hamburg_000000_032460_gtFine_labelIds.png
leftImg8bit/train/hamburg/hamburg_000000_032906_leftImg8bit.png	gtFine/train/hamburg/hamburg_000000_032906_gtFine_labelIds.png
leftImg8bit/train/hamburg/hamburg_000000_033506_leftImg8bit.png	gtFine/train/hamburg/hamburg_000000_033506_gtFine_labelIds.png
leftImg8bit/train/hamburg/hamburg_000000_036003_leftImg8bit.png	gtFine/train/hamburg/hamburg_000000_036003_gtFine_labelIds.png
leftImg8bit/train/hamburg/hamburg_000000_036427_leftImg8bit.png	gtFine/train/hamburg/hamburg_000000_036427_gtFine_labelIds.png
leftImg8bit/train/hamburg/hamburg_000000_036527_leftImg8bit.png	gtFine/train/hamburg/hamburg_000000_036527_gtFine_labelIds.png
leftImg8bit/train/hamburg/hamburg_000000_037741_leftImg8bit.png	gtFine/train/hamburg/hamburg_000000_037741_gtFine_labelIds.png
leftImg8bit/train/hamburg/hamburg_000000_038446_leftImg8bit.png	gtFine/train/hamburg/hamburg_000000_038446_gtFine_labelIds.png
leftImg8bit/train/hamburg/hamburg_000000_038915_leftImg8bit.png	gtFine/train/hamburg/hamburg_000000_038915_gtFine_labelIds.png
leftImg8bit/train/hamburg/hamburg_000000_042885_leftImg8bit.png	gtFine/train/hamburg/hamburg_000000_042885_gtFine_labelIds.png
leftImg8bit/train/hamburg/hamburg_000000_044400_leftImg8bit.png	gtFine/train/hamburg/hamburg_000000_044400_gtFine_labelIds.png
leftImg8bit/train/hamburg/hamburg_000000_045437_leftImg8bit.png	gtFine/train/hamburg/hamburg_000000_045437_gtFine_labelIds.png
leftImg8bit/train/hamburg/hamburg_000000_047220_leftImg8bit.png	gtFine/train/hamburg/hamburg_000000_047220_gtFine_labelIds.png
leftImg8bit/train/hamburg/hamburg_000000_047390_leftImg8bit.png	gtFine/train/hamburg/hamburg_000000_047390_gtFine_labelIds.png
leftImg8bit/train/hamburg/hamburg_000000_048138_leftImg8bit.png	gtFine/train/hamburg/hamburg_000000_048138_gtFine_labelIds.png
leftImg8bit/train/hamburg/hamburg_000000_052122_leftImg8bit.png	gtFine/train/hamburg/hamburg_000000_052122_gtFine_labelIds.png
leftImg8bit/train/hamburg/hamburg_000000_052904_leftImg8bit.png	gtFine/train/hamburg/hamburg_000000_052904_gtFine_labelIds.png
leftImg8bit/train/hamburg/hamburg_000000_053086_leftImg8bit.png	gtFine/train/hamburg/hamburg_000000_053086_gtFine_labelIds.png
leftImg8bit/train/hamburg/hamburg_000000_054555_leftImg8bit.png	gtFine/train/hamburg/hamburg_000000_054555_gtFine_labelIds.png
leftImg8bit/train/hamburg/hamburg_000000_057678_leftImg8bit.png	gtFine/train/hamburg/hamburg_000000_057678_gtFine_labelIds.png
leftImg8bit/train/hamburg/hamburg_000000_057816_leftImg8bit.png	gtFine/train/hamburg/hamburg_000000_057816_gtFine_labelIds.png
leftImg8bit/train/hamburg/hamburg_000000_058591_leftImg8bit.png	gtFine/train/hamburg/hamburg_000000_058591_gtFine_labelIds.png
leftImg8bit/train/hamburg/hamburg_000000_059720_leftImg8bit.png	gtFine/train/hamburg/hamburg_000000_059720_gtFine_labelIds.png
leftImg8bit/train/hamburg/hamburg_000000_060215_leftImg8bit.png	gtFine/train/hamburg/hamburg_000000_060215_gtFine_labelIds.png
leftImg8bit/train/hamburg/hamburg_000000_061468_leftImg8bit.png	gtFine/train/hamburg/hamburg_000000_061468_gtFine_labelIds.png
leftImg8bit/train/hamburg/hamburg_000000_062039_leftImg8bit.png	gtFine/train/hamburg/hamburg_000000_062039_gtFine_labelIds.png
leftImg8bit/train/hamburg/hamburg_000000_062371_leftImg8bit.png	gtFine/train/hamburg/hamburg_000000_062371_gtFine_labelIds.png
leftImg8bit/train/hamburg/hamburg_000000_063403_leftImg8bit.png	gtFine/train/hamburg/hamburg_000000_063403_gtFine_labelIds.png
leftImg8bit/train/hamburg/hamburg_000000_063698_leftImg8bit.png	gtFine/train/hamburg/hamburg_000000_063698_gtFine_labelIds.png
leftImg8bit/train/hamburg/hamburg_000000_064269_leftImg8bit.png	gtFine/train/hamburg/hamburg_000000_064269_gtFine_labelIds.png
leftImg8bit/train/hamburg/hamburg_000000_064825_leftImg8bit.png	gtFine/train/hamburg/hamburg_000000_064825_gtFine_labelIds.png
leftImg8bit/train/hamburg/hamburg_000000_065055_leftImg8bit.png	gtFine/train/hamburg/hamburg_000000_065055_gtFine_labelIds.png
leftImg8bit/train/hamburg/hamburg_000000_065604_leftImg8bit.png	gtFine/train/hamburg/hamburg_000000_065604_gtFine_labelIds.png
leftImg8bit/train/hamburg/hamburg_000000_067799_leftImg8bit.png	gtFine/train/hamburg/hamburg_000000_067799_gtFine_labelIds.png
leftImg8bit/train/hamburg/hamburg_000000_068693_leftImg8bit.png	gtFine/train/hamburg/hamburg_000000_068693_gtFine_labelIds.png
leftImg8bit/train/hamburg/hamburg_000000_070334_leftImg8bit.png	gtFine/train/hamburg/hamburg_000000_070334_gtFine_labelIds.png
leftImg8bit/train/hamburg/hamburg_000000_070444_leftImg8bit.png	gtFine/train/hamburg/hamburg_000000_070444_gtFine_labelIds.png
leftImg8bit/train/hamburg/hamburg_000000_071016_leftImg8bit.png	gtFine/train/hamburg/hamburg_000000_071016_gtFine_labelIds.png
leftImg8bit/train/hamburg/hamburg_000000_071675_leftImg8bit.png	gtFine/train/hamburg/hamburg_000000_071675_gtFine_labelIds.png
leftImg8bit/train/hamburg/hamburg_000000_073389_leftImg8bit.png	gtFine/train/hamburg/hamburg_000000_073389_gtFine_labelIds.png
leftImg8bit/train/hamburg/hamburg_000000_073672_leftImg8bit.png	gtFine/train/hamburg/hamburg_000000_073672_gtFine_labelIds.png
leftImg8bit/train/hamburg/hamburg_000000_073758_leftImg8bit.png	gtFine/train/hamburg/hamburg_000000_073758_gtFine_labelIds.png
leftImg8bit/train/hamburg/hamburg_000000_074139_leftImg8bit.png	gtFine/train/hamburg/hamburg_000000_074139_gtFine_labelIds.png
leftImg8bit/train/hamburg/hamburg_000000_076966_leftImg8bit.png	gtFine/train/hamburg/hamburg_000000_076966_gtFine_labelIds.png
leftImg8bit/train/hamburg/hamburg_000000_077144_leftImg8bit.png	gtFine/train/hamburg/hamburg_000000_077144_gtFine_labelIds.png
leftImg8bit/train/hamburg/hamburg_000000_077756_leftImg8bit.png	gtFine/train/hamburg/hamburg_000000_077756_gtFine_labelIds.png
leftImg8bit/train/hamburg/hamburg_000000_077927_leftImg8bit.png	gtFine/train/hamburg/hamburg_000000_077927_gtFine_labelIds.png
leftImg8bit/train/hamburg/hamburg_000000_078579_leftImg8bit.png	gtFine/train/hamburg/hamburg_000000_078579_gtFine_labelIds.png
leftImg8bit/train/hamburg/hamburg_000000_080169_leftImg8bit.png	gtFine/train/hamburg/hamburg_000000_080169_gtFine_labelIds.png
leftImg8bit/train/hamburg/hamburg_000000_080438_leftImg8bit.png	gtFine/train/hamburg/hamburg_000000_080438_gtFine_labelIds.png
leftImg8bit/train/hamburg/hamburg_000000_081299_leftImg8bit.png	gtFine/train/hamburg/hamburg_000000_081299_gtFine_labelIds.png
leftImg8bit/train/hamburg/hamburg_000000_083696_leftImg8bit.png	gtFine/train/hamburg/hamburg_000000_083696_gtFine_labelIds.png
leftImg8bit/train/hamburg/hamburg_000000_084746_leftImg8bit.png	gtFine/train/hamburg/hamburg_000000_084746_gtFine_labelIds.png
leftImg8bit/train/hamburg/hamburg_000000_085073_leftImg8bit.png	gtFine/train/hamburg/hamburg_000000_085073_gtFine_labelIds.png
leftImg8bit/train/hamburg/hamburg_000000_087216_leftImg8bit.png	gtFine/train/hamburg/hamburg_000000_087216_gtFine_labelIds.png
leftImg8bit/train/hamburg/hamburg_000000_087822_leftImg8bit.png	gtFine/train/hamburg/hamburg_000000_087822_gtFine_labelIds.png
leftImg8bit/train/hamburg/hamburg_000000_088627_leftImg8bit.png	gtFine/train/hamburg/hamburg_000000_088627_gtFine_labelIds.png
leftImg8bit/train/hamburg/hamburg_000000_088939_leftImg8bit.png	gtFine/train/hamburg/hamburg_000000_088939_gtFine_labelIds.png
leftImg8bit/train/hamburg/hamburg_000000_088983_leftImg8bit.png	gtFine/train/hamburg/hamburg_000000_088983_gtFine_labelIds.png
leftImg8bit/train/hamburg/hamburg_000000_089696_leftImg8bit.png	gtFine/train/hamburg/hamburg_000000_089696_gtFine_labelIds.png
leftImg8bit/train/hamburg/hamburg_000000_091038_leftImg8bit.png	gtFine/train/hamburg/hamburg_000000_091038_gtFine_labelIds.png
leftImg8bit/train/hamburg/hamburg_000000_091155_leftImg8bit.png	gtFine/train/hamburg/hamburg_000000_091155_gtFine_labelIds.png
leftImg8bit/train/hamburg/hamburg_000000_091900_leftImg8bit.png	gtFine/train/hamburg/hamburg_000000_091900_gtFine_labelIds.png
leftImg8bit/train/hamburg/hamburg_000000_092476_leftImg8bit.png	gtFine/train/hamburg/hamburg_000000_092476_gtFine_labelIds.png
leftImg8bit/train/hamburg/hamburg_000000_097086_leftImg8bit.png	gtFine/train/hamburg/hamburg_000000_097086_gtFine_labelIds.png
leftImg8bit/train/hamburg/hamburg_000000_097447_leftImg8bit.png	gtFine/train/hamburg/hamburg_000000_097447_gtFine_labelIds.png
leftImg8bit/train/hamburg/hamburg_000000_099902_leftImg8bit.png	gtFine/train/hamburg/hamburg_000000_099902_gtFine_labelIds.png
leftImg8bit/train/hamburg/hamburg_000000_102574_leftImg8bit.png	gtFine/train/hamburg/hamburg_000000_102574_gtFine_labelIds.png
leftImg8bit/train/hamburg/hamburg_000000_103186_leftImg8bit.png	gtFine/train/hamburg/hamburg_000000_103186_gtFine_labelIds.png
leftImg8bit/train/hamburg/hamburg_000000_103367_leftImg8bit.png	gtFine/train/hamburg/hamburg_000000_103367_gtFine_labelIds.png
leftImg8bit/train/hanover/hanover_000000_002458_leftImg8bit.png	gtFine/train/hanover/hanover_000000_002458_gtFine_labelIds.png
leftImg8bit/train/hanover/hanover_000000_005288_leftImg8bit.png	gtFine/train/hanover/hanover_000000_005288_gtFine_labelIds.png
leftImg8bit/train/hanover/hanover_000000_005732_leftImg8bit.png	gtFine/train/hanover/hanover_000000_005732_gtFine_labelIds.png
leftImg8bit/train/hanover/hanover_000000_005970_leftImg8bit.png	gtFine/train/hanover/hanover_000000_005970_gtFine_labelIds.png
leftImg8bit/train/hanover/hanover_000000_006355_leftImg8bit.png	gtFine/train/hanover/hanover_000000_006355_gtFine_labelIds.png
leftImg8bit/train/hanover/hanover_000000_012347_leftImg8bit.png	gtFine/train/hanover/hanover_000000_012347_gtFine_labelIds.png
leftImg8bit/train/hanover/hanover_000000_014919_leftImg8bit.png	gtFine/train/hanover/hanover_000000_014919_gtFine_labelIds.png
leftImg8bit/train/hanover/hanover_000000_016038_leftImg8bit.png	gtFine/train/hanover/hanover_000000_016038_gtFine_labelIds.png
leftImg8bit/train/hanover/hanover_000000_016558_leftImg8bit.png	gtFine/train/hanover/hanover_000000_016558_gtFine_labelIds.png
leftImg8bit/train/hanover/hanover_000000_018213_leftImg8bit.png	gtFine/train/hanover/hanover_000000_018213_gtFine_labelIds.png
leftImg8bit/train/hanover/hanover_000000_018546_leftImg8bit.png	gtFine/train/hanover/hanover_000000_018546_gtFine_labelIds.png
leftImg8bit/train/hanover/hanover_000000_019672_leftImg8bit.png	gtFine/train/hanover/hanover_000000_019672_gtFine_labelIds.png
leftImg8bit/train/hanover/hanover_000000_020089_leftImg8bit.png	gtFine/train/hanover/hanover_000000_020089_gtFine_labelIds.png
leftImg8bit/train/hanover/hanover_000000_022645_leftImg8bit.png	gtFine/train/hanover/hanover_000000_022645_gtFine_labelIds.png
leftImg8bit/train/hanover/hanover_000000_023239_leftImg8bit.png	gtFine/train/hanover/hanover_000000_023239_gtFine_labelIds.png
leftImg8bit/train/hanover/hanover_000000_023276_leftImg8bit.png	gtFine/train/hanover/hanover_000000_023276_gtFine_labelIds.png
leftImg8bit/train/hanover/hanover_000000_024276_leftImg8bit.png	gtFine/train/hanover/hanover_000000_024276_gtFine_labelIds.png
leftImg8bit/train/hanover/hanover_000000_024441_leftImg8bit.png	gtFine/train/hanover/hanover_000000_024441_gtFine_labelIds.png
leftImg8bit/train/hanover/hanover_000000_024719_leftImg8bit.png	gtFine/train/hanover/hanover_000000_024719_gtFine_labelIds.png
leftImg8bit/train/hanover/hanover_000000_025437_leftImg8bit.png	gtFine/train/hanover/hanover_000000_025437_gtFine_labelIds.png
leftImg8bit/train/hanover/hanover_000000_026356_leftImg8bit.png	gtFine/train/hanover/hanover_000000_026356_gtFine_labelIds.png
leftImg8bit/train/hanover/hanover_000000_027390_leftImg8bit.png	gtFine/train/hanover/hanover_000000_027390_gtFine_labelIds.png
leftImg8bit/train/hanover/hanover_000000_027561_leftImg8bit.png	gtFine/train/hanover/hanover_000000_027561_gtFine_labelIds.png
leftImg8bit/train/hanover/hanover_000000_027650_leftImg8bit.png	gtFine/train/hanover/hanover_000000_027650_gtFine_labelIds.png
leftImg8bit/train/hanover/hanover_000000_027766_leftImg8bit.png	gtFine/train/hanover/hanover_000000_027766_gtFine_labelIds.png
leftImg8bit/train/hanover/hanover_000000_027998_leftImg8bit.png	gtFine/train/hanover/hanover_000000_027998_gtFine_labelIds.png
leftImg8bit/train/hanover/hanover_000000_029325_leftImg8bit.png	gtFine/train/hanover/hanover_000000_029325_gtFine_labelIds.png
leftImg8bit/train/hanover/hanover_000000_029404_leftImg8bit.png	gtFine/train/hanover/hanover_000000_029404_gtFine_labelIds.png
leftImg8bit/train/hanover/hanover_000000_029455_leftImg8bit.png	gtFine/train/hanover/hanover_000000_029455_gtFine_labelIds.png
leftImg8bit/train/hanover/hanover_000000_029769_leftImg8bit.png	gtFine/train/hanover/hanover_000000_029769_gtFine_labelIds.png
leftImg8bit/train/hanover/hanover_000000_030276_leftImg8bit.png	gtFine/train/hanover/hanover_000000_030276_gtFine_labelIds.png
leftImg8bit/train/hanover/hanover_000000_030346_leftImg8bit.png	gtFine/train/hanover/hanover_000000_030346_gtFine_labelIds.png
leftImg8bit/train/hanover/hanover_000000_030781_leftImg8bit.png	gtFine/train/hanover/hanover_000000_030781_gtFine_labelIds.png
leftImg8bit/train/hanover/hanover_000000_031144_leftImg8bit.png	gtFine/train/hanover/hanover_000000_031144_gtFine_labelIds.png
leftImg8bit/train/hanover/hanover_000000_032351_leftImg8bit.png	gtFine/train/hanover/hanover_000000_032351_gtFine_labelIds.png
leftImg8bit/train/hanover/hanover_000000_033457_leftImg8bit.png	gtFine/train/hanover/hanover_000000_033457_gtFine_labelIds.png
leftImg8bit/train/hanover/hanover_000000_034015_leftImg8bit.png	gtFine/train/hanover/hanover_000000_034015_gtFine_labelIds.png
leftImg8bit/train/hanover/hanover_000000_034935_leftImg8bit.png	gtFine/train/hanover/hanover_000000_034935_gtFine_labelIds.png
leftImg8bit/train/hanover/hanover_000000_035606_leftImg8bit.png	gtFine/train/hanover/hanover_000000_035606_gtFine_labelIds.png
leftImg8bit/train/hanover/hanover_000000_038927_leftImg8bit.png	gtFine/train/hanover/hanover_000000_038927_gtFine_labelIds.png
leftImg8bit/train/hanover/hanover_000000_040133_leftImg8bit.png	gtFine/train/hanover/hanover_000000_040133_gtFine_labelIds.png
leftImg8bit/train/hanover/hanover_000000_041610_leftImg8bit.png	gtFine/train/hanover/hanover_000000_041610_gtFine_labelIds.png
leftImg8bit/train/hanover/hanover_000000_043236_leftImg8bit.png	gtFine/train/hanover/hanover_000000_043236_gtFine_labelIds.png
leftImg8bit/train/hanover/hanover_000000_043822_leftImg8bit.png	gtFine/train/hanover/hanover_000000_043822_gtFine_labelIds.png
leftImg8bit/train/hanover/hanover_000000_044344_leftImg8bit.png	gtFine/train/hanover/hanover_000000_044344_gtFine_labelIds.png
leftImg8bit/train/hanover/hanover_000000_044622_leftImg8bit.png	gtFine/train/hanover/hanover_000000_044622_gtFine_labelIds.png
leftImg8bit/train/hanover/hanover_000000_045657_leftImg8bit.png	gtFine/train/hanover/hanover_000000_045657_gtFine_labelIds.png
leftImg8bit/train/hanover/hanover_000000_045841_leftImg8bit.png	gtFine/train/hanover/hanover_000000_045841_gtFine_labelIds.png
leftImg8bit/train/hanover/hanover_000000_046200_leftImg8bit.png	gtFine/train/hanover/hanover_000000_046200_gtFine_labelIds.png
leftImg8bit/train/hanover/hanover_000000_046954_leftImg8bit.png	gtFine/train/hanover/hanover_000000_046954_gtFine_labelIds.png
leftImg8bit/train/hanover/hanover_000000_047870_leftImg8bit.png	gtFine/train/hanover/hanover_000000_047870_gtFine_labelIds.png
leftImg8bit/train/hanover/hanover_000000_048379_leftImg8bit.png	gtFine/train/hanover/hanover_000000_048379_gtFine_labelIds.png
leftImg8bit/train/hanover/hanover_000000_049269_leftImg8bit.png	gtFine/train/hanover/hanover_000000_049269_gtFine_labelIds.png
leftImg8bit/train/hanover/hanover_000000_049465_leftImg8bit.png	gtFine/train/hanover/hanover_000000_049465_gtFine_labelIds.png
leftImg8bit/train/hanover/hanover_000000_050398_leftImg8bit.png	gtFine/train/hanover/hanover_000000_050398_gtFine_labelIds.png
leftImg8bit/train/hanover/hanover_000000_051059_leftImg8bit.png	gtFine/train/hanover/hanover_000000_051059_gtFine_labelIds.png
leftImg8bit/train/hanover/hanover_000000_051536_leftImg8bit.png	gtFine/train/hanover/hanover_000000_051536_gtFine_labelIds.png
leftImg8bit/train/hanover/hanover_000000_052887_leftImg8bit.png	gtFine/train/hanover/hanover_000000_052887_gtFine_labelIds.png
leftImg8bit/train/hanover/hanover_000000_053027_leftImg8bit.png	gtFine/train/hanover/hanover_000000_053027_gtFine_labelIds.png
leftImg8bit/train/hanover/hanover_000000_053437_leftImg8bit.png	gtFine/train/hanover/hanover_000000_053437_gtFine_labelIds.png
leftImg8bit/train/hanover/hanover_000000_055592_leftImg8bit.png	gtFine/train/hanover/hanover_000000_055592_gtFine_labelIds.png
leftImg8bit/train/hanover/hanover_000000_056361_leftImg8bit.png	gtFine/train/hanover/hanover_000000_056361_gtFine_labelIds.png
leftImg8bit/train/hanover/hanover_000000_056601_leftImg8bit.png	gtFine/train/hanover/hanover_000000_056601_gtFine_labelIds.png
leftImg8bit/train/hanover/hanover_000000_057532_leftImg8bit.png	gtFine/train/hanover/hanover_000000_057532_gtFine_labelIds.png
leftImg8bit/train/hanover/hanover_000000_057710_leftImg8bit.png	gtFine/train/hanover/hanover_000000_057710_gtFine_labelIds.png
leftImg8bit/train/hanover/hanover_000000_058189_leftImg8bit.png	gtFine/train/hanover/hanover_000000_058189_gtFine_labelIds.png
leftImg8bit/train/jena/jena_000001_000019_leftImg8bit.png	gtFine/train/jena/jena_000001_000019_gtFine_labelIds.png
leftImg8bit/train/jena/jena_000013_000019_leftImg8bit.png	gtFine/train/jena/jena_000013_000019_gtFine_labelIds.png
leftImg8bit/train/jena/jena_000016_000019_leftImg8bit.png	gtFine/train/jena/jena_000016_000019_gtFine_labelIds.png
leftImg8bit/train/jena/jena_000025_000019_leftImg8bit.png	gtFine/train/jena/jena_000025_000019_gtFine_labelIds.png
leftImg8bit/train/jena/jena_000026_000019_leftImg8bit.png	gtFine/train/jena/jena_000026_000019_gtFine_labelIds.png
leftImg8bit/train/jena/jena_000029_000019_leftImg8bit.png	gtFine/train/jena/jena_000029_000019_gtFine_labelIds.png
leftImg8bit/train/jena/jena_000031_000019_leftImg8bit.png	gtFine/train/jena/jena_000031_000019_gtFine_labelIds.png
leftImg8bit/train/jena/jena_000068_000019_leftImg8bit.png	gtFine/train/jena/jena_000068_000019_gtFine_labelIds.png
leftImg8bit/train/jena/jena_000070_000019_leftImg8bit.png	gtFine/train/jena/jena_000070_000019_gtFine_labelIds.png
leftImg8bit/train/jena/jena_000075_000019_leftImg8bit.png	gtFine/train/jena/jena_000075_000019_gtFine_labelIds.png
leftImg8bit/train/jena/jena_000076_000019_leftImg8bit.png	gtFine/train/jena/jena_000076_000019_gtFine_labelIds.png
leftImg8bit/train/jena/jena_000089_000019_leftImg8bit.png	gtFine/train/jena/jena_000089_000019_gtFine_labelIds.png
leftImg8bit/train/jena/jena_000091_000019_leftImg8bit.png	gtFine/train/jena/jena_000091_000019_gtFine_labelIds.png
leftImg8bit/train/jena/jena_000092_000019_leftImg8bit.png	gtFine/train/jena/jena_000092_000019_gtFine_labelIds.png
leftImg8bit/train/jena/jena_000094_000019_leftImg8bit.png	gtFine/train/jena/jena_000094_000019_gtFine_labelIds.png
leftImg8bit/train/jena/jena_000095_000019_leftImg8bit.png	gtFine/train/jena/jena_000095_000019_gtFine_labelIds.png
leftImg8bit/train/jena/jena_000101_000019_leftImg8bit.png	gtFine/train/jena/jena_000101_000019_gtFine_labelIds.png
leftImg8bit/train/jena/jena_000105_000019_leftImg8bit.png	gtFine/train/jena/jena_000105_000019_gtFine_labelIds.png
leftImg8bit/train/jena/jena_000118_000019_leftImg8bit.png	gtFine/train/jena/jena_000118_000019_gtFine_labelIds.png
leftImg8bit/train/krefeld/krefeld_000000_003937_leftImg8bit.png	gtFine/train/krefeld/krefeld_000000_003937_gtFine_labelIds.png
leftImg8bit/train/krefeld/krefeld_000000_005252_leftImg8bit.png	gtFine/train/krefeld/krefeld_000000_005252_gtFine_labelIds.png
leftImg8bit/train/krefeld/krefeld_000000_009926_leftImg8bit.png	gtFine/train/krefeld/krefeld_000000_009926_gtFine_labelIds.png
leftImg8bit/train/krefeld/krefeld_000000_014146_leftImg8bit.png	gtFine/train/krefeld/krefeld_000000_014146_gtFine_labelIds.png
leftImg8bit/train/krefeld/krefeld_000000_020334_leftImg8bit.png	gtFine/train/krefeld/krefeld_000000_020334_gtFine_labelIds.png
leftImg8bit/train/krefeld/krefeld_000000_022162_leftImg8bit.png	gtFine/train/krefeld/krefeld_000000_022162_gtFine_labelIds.png
leftImg8bit/train/krefeld/krefeld_000000_033478_leftImg8bit.png	gtFine/train/krefeld/krefeld_000000_033478_gtFine_labelIds.png
leftImg8bit/train/krefeld/krefeld_000000_034231_leftImg8bit.png	gtFine/train/krefeld/krefeld_000000_034231_gtFine_labelIds.png
leftImg8bit/train/krefeld/krefeld_000000_034389_leftImg8bit.png	gtFine/train/krefeld/krefeld_000000_034389_gtFine_labelIds.png
leftImg8bit/train/krefeld/krefeld_000000_035398_leftImg8bit.png	gtFine/train/krefeld/krefeld_000000_035398_gtFine_labelIds.png
leftImg8bit/train/krefeld/krefeld_000000_036299_leftImg8bit.png	gtFine/train/krefeld/krefeld_000000_036299_gtFine_labelIds.png
leftImg8bit/train/monchengladbach/monchengladbach_000000_001294_leftImg8bit.png	gtFine/train/monchengladbach/monchengladbach_000000_001294_gtFine_labelIds.png
leftImg8bit/train/monchengladbach/monchengladbach_000000_002255_leftImg8bit.png	gtFine/train/monchengladbach/monchengladbach_000000_002255_gtFine_labelIds.png
leftImg8bit/train/monchengladbach/monchengladbach_000000_004580_leftImg8bit.png	gtFine/train/monchengladbach/monchengladbach_000000_004580_gtFine_labelIds.png
leftImg8bit/train/monchengladbach/monchengladbach_000000_011383_leftImg8bit.png	gtFine/train/monchengladbach/monchengladbach_000000_011383_gtFine_labelIds.png
leftImg8bit/train/monchengladbach/monchengladbach_000000_019142_leftImg8bit.png	gtFine/train/monchengladbach/monchengladbach_000000_019142_gtFine_labelIds.png
leftImg8bit/train/monchengladbach/monchengladbach_000000_026006_leftImg8bit.png	gtFine/train/monchengladbach/monchengladbach_000000_026006_gtFine_labelIds.png
leftImg8bit/train/monchengladbach/monchengladbach_000000_031005_leftImg8bit.png	gtFine/train/monchengladbach/monchengladbach_000000_031005_gtFine_labelIds.png
leftImg8bit/train/strasbourg/strasbourg_000000_000065_leftImg8bit.png	gtFine/train/strasbourg/strasbourg_000000_000065_gtFine_labelIds.png
leftImg8bit/train/strasbourg/strasbourg_000000_004248_leftImg8bit.png	gtFine/train/strasbourg/strasbourg_000000_004248_gtFine_labelIds.png
leftImg8bit/train/strasbourg/strasbourg_000000_005249_leftImg8bit.png	gtFine/train/strasbourg/strasbourg_000000_005249_gtFine_labelIds.png
leftImg8bit/train/strasbourg/strasbourg_000000_007727_leftImg8bit.png	gtFine/train/strasbourg/strasbourg_000000_007727_gtFine_labelIds.png
leftImg8bit/train/strasbourg/strasbourg_000000_010049_leftImg8bit.png	gtFine/train/strasbourg/strasbourg_000000_010049_gtFine_labelIds.png
leftImg8bit/train/strasbourg/strasbourg_000000_010372_leftImg8bit.png	gtFine/train/strasbourg/strasbourg_000000_010372_gtFine_labelIds.png
leftImg8bit/train/strasbourg/strasbourg_000000_015506_leftImg8bit.png	gtFine/train/strasbourg/strasbourg_000000_015506_gtFine_labelIds.png
leftImg8bit/train/strasbourg/strasbourg_000000_016247_leftImg8bit.png	gtFine/train/strasbourg/strasbourg_000000_016247_gtFine_labelIds.png
leftImg8bit/train/strasbourg/strasbourg_000000_017283_leftImg8bit.png	gtFine/train/strasbourg/strasbourg_000000_017283_gtFine_labelIds.png
leftImg8bit/train/strasbourg/strasbourg_000000_021231_leftImg8bit.png	gtFine/train/strasbourg/strasbourg_000000_021231_gtFine_labelIds.png
leftImg8bit/train/strasbourg/strasbourg_000000_022067_leftImg8bit.png	gtFine/train/strasbourg/strasbourg_000000_022067_gtFine_labelIds.png
leftImg8bit/train/strasbourg/strasbourg_000000_023694_leftImg8bit.png	gtFine/train/strasbourg/strasbourg_000000_023694_gtFine_labelIds.png
leftImg8bit/train/strasbourg/strasbourg_000000_025089_leftImg8bit.png	gtFine/train/strasbourg/strasbourg_000000_025089_gtFine_labelIds.png
leftImg8bit/train/strasbourg/strasbourg_000000_027233_leftImg8bit.png	gtFine/train/strasbourg/strasbourg_000000_027233_gtFine_labelIds.png
leftImg8bit/train/strasbourg/strasbourg_000000_029281_leftImg8bit.png	gtFine/train/strasbourg/strasbourg_000000_029281_gtFine_labelIds.png
leftImg8bit/train/strasbourg/strasbourg_000000_033425_leftImg8bit.png	gtFine/train/strasbourg/strasbourg_000000_033425_gtFine_labelIds.png
leftImg8bit/train/strasbourg/strasbourg_000000_033747_leftImg8bit.png	gtFine/train/strasbourg/strasbourg_000000_033747_gtFine_labelIds.png
leftImg8bit/train/strasbourg/strasbourg_000000_033838_leftImg8bit.png	gtFine/train/strasbourg/strasbourg_000000_033838_gtFine_labelIds.png
leftImg8bit/train/strasbourg/strasbourg_000001_000508_leftImg8bit.png	gtFine/train/strasbourg/strasbourg_000001_000508_gtFine_labelIds.png
leftImg8bit/train/strasbourg/strasbourg_000001_000778_leftImg8bit.png	gtFine/train/strasbourg/strasbourg_000001_000778_gtFine_labelIds.png
leftImg8bit/train/strasbourg/strasbourg_000001_004983_leftImg8bit.png	gtFine/train/strasbourg/strasbourg_000001_004983_gtFine_labelIds.png
leftImg8bit/train/strasbourg/strasbourg_000001_006386_leftImg8bit.png	gtFine/train/strasbourg/strasbourg_000001_006386_gtFine_labelIds.png
leftImg8bit/train/strasbourg/strasbourg_000001_009333_leftImg8bit.png	gtFine/train/strasbourg/strasbourg_000001_009333_gtFine_labelIds.png
leftImg8bit/train/strasbourg/strasbourg_000001_010162_leftImg8bit.png	gtFine/train/strasbourg/strasbourg_000001_010162_gtFine_labelIds.png
leftImg8bit/train/strasbourg/strasbourg_000001_010755_leftImg8bit.png	gtFine/train/strasbourg/strasbourg_000001_010755_gtFine_labelIds.png
leftImg8bit/train/strasbourg/strasbourg_000001_011775_leftImg8bit.png	gtFine/train/strasbourg/strasbourg_000001_011775_gtFine_labelIds.png
leftImg8bit/train/strasbourg/strasbourg_000001_013266_leftImg8bit.png	gtFine/train/strasbourg/strasbourg_000001_013266_gtFine_labelIds.png
leftImg8bit/train/strasbourg/strasbourg_000001_014258_leftImg8bit.png	gtFine/train/strasbourg/strasbourg_000001_014258_gtFine_labelIds.png
leftImg8bit/train/strasbourg/strasbourg_000001_017469_leftImg8bit.png	gtFine/train/strasbourg/strasbourg_000001_017469_gtFine_labelIds.png
leftImg8bit/train/strasbourg/strasbourg_000001_025426_leftImg8bit.png	gtFine/train/strasbourg/strasbourg_000001_025426_gtFine_labelIds.png
leftImg8bit/train/strasbourg/strasbourg_000001_028379_leftImg8bit.png	gtFine/train/strasbourg/strasbourg_000001_028379_gtFine_labelIds.png
leftImg8bit/train/strasbourg/strasbourg_000001_035276_leftImg8bit.png	gtFine/train/strasbourg/strasbourg_000001_035276_gtFine_labelIds.png
leftImg8bit/train/strasbourg/strasbourg_000001_035562_leftImg8bit.png	gtFine/train/strasbourg/strasbourg_000001_035562_gtFine_labelIds.png
leftImg8bit/train/strasbourg/strasbourg_000001_036232_leftImg8bit.png	gtFine/train/strasbourg/strasbourg_000001_036232_gtFine_labelIds.png
leftImg8bit/train/strasbourg/strasbourg_000001_039114_leftImg8bit.png	gtFine/train/strasbourg/strasbourg_000001_039114_gtFine_labelIds.png
leftImg8bit/train/strasbourg/strasbourg_000001_039374_leftImg8bit.png	gtFine/train/strasbourg/strasbourg_000001_039374_gtFine_labelIds.png
leftImg8bit/train/strasbourg/strasbourg_000001_042309_leftImg8bit.png	gtFine/train/strasbourg/strasbourg_000001_042309_gtFine_labelIds.png
leftImg8bit/train/strasbourg/strasbourg_000001_045481_leftImg8bit.png	gtFine/train/strasbourg/strasbourg_000001_045481_gtFine_labelIds.png
leftImg8bit/train/strasbourg/strasbourg_000001_045880_leftImg8bit.png	gtFine/train/strasbourg/strasbourg_000001_045880_gtFine_labelIds.png
leftImg8bit/train/strasbourg/strasbourg_000001_046324_leftImg8bit.png	gtFine/train/strasbourg/strasbourg_000001_046324_gtFine_labelIds.png
leftImg8bit/train/strasbourg/strasbourg_000001_047336_leftImg8bit.png	gtFine/train/strasbourg/strasbourg_000001_047336_gtFine_labelIds.png
leftImg8bit/train/strasbourg/strasbourg_000001_047702_leftImg8bit.png	gtFine/train/strasbourg/strasbourg_000001_047702_gtFine_labelIds.png
leftImg8bit/train/strasbourg/strasbourg_000001_048121_leftImg8bit.png	gtFine/train/strasbourg/strasbourg_000001_048121_gtFine_labelIds.png
leftImg8bit/train/strasbourg/strasbourg_000001_049143_leftImg8bit.png	gtFine/train/strasbourg/strasbourg_000001_049143_gtFine_labelIds.png
leftImg8bit/train/strasbourg/strasbourg_000001_051574_leftImg8bit.png	gtFine/train/strasbourg/strasbourg_000001_051574_gtFine_labelIds.png
leftImg8bit/train/strasbourg/strasbourg_000001_054639_leftImg8bit.png	gtFine/train/strasbourg/strasbourg_000001_054639_gtFine_labelIds.png
leftImg8bit/train/strasbourg/strasbourg_000001_062362_leftImg8bit.png	gtFine/train/strasbourg/strasbourg_000001_062362_gtFine_labelIds.png
leftImg8bit/train/strasbourg/strasbourg_000001_063808_leftImg8bit.png	gtFine/train/strasbourg/strasbourg_000001_063808_gtFine_labelIds.png
leftImg8bit/train/stuttgart/stuttgart_000002_000019_leftImg8bit.png	gtFine/train/stuttgart/stuttgart_000002_000019_gtFine_labelIds.png
leftImg8bit/train/stuttgart/stuttgart_000016_000019_leftImg8bit.png	gtFine/train/stuttgart/stuttgart_000016_000019_gtFine_labelIds.png
leftImg8bit/train/stuttgart/stuttgart_000020_000019_leftImg8bit.png	gtFine/train/stuttgart/stuttgart_000020_000019_gtFine_labelIds.png
leftImg8bit/train/stuttgart/stuttgart_000021_000019_leftImg8bit.png	gtFine/train/stuttgart/stuttgart_000021_000019_gtFine_labelIds.png
leftImg8bit/train/stuttgart/stuttgart_000024_000019_leftImg8bit.png	gtFine/train/stuttgart/stuttgart_000024_000019_gtFine_labelIds.png
leftImg8bit/train/stuttgart/stuttgart_000030_000019_leftImg8bit.png	gtFine/train/stuttgart/stuttgart_000030_000019_gtFine_labelIds.png
leftImg8bit/train/stuttgart/stuttgart_000032_000019_leftImg8bit.png	gtFine/train/stuttgart/stuttgart_000032_000019_gtFine_labelIds.png
leftImg8bit/train/stuttgart/stuttgart_000033_000019_leftImg8bit.png	gtFine/train/stuttgart/stuttgart_000033_000019_gtFine_labelIds.png
leftImg8bit/train/stuttgart/stuttgart_000050_000019_leftImg8bit.png	gtFine/train/stuttgart/stuttgart_000050_000019_gtFine_labelIds.png
leftImg8bit/train/stuttgart/stuttgart_000063_000019_leftImg8bit.png	gtFine/train/stuttgart/stuttgart_000063_000019_gtFine_labelIds.png
leftImg8bit/train/stuttgart/stuttgart_000082_000019_leftImg8bit.png	gtFine/train/stuttgart/stuttgart_000082_000019_gtFine_labelIds.png
leftImg8bit/train/stuttgart/stuttgart_000087_000019_leftImg8bit.png	gtFine/train/stuttgart/stuttgart_000087_000019_gtFine_labelIds.png
leftImg8bit/train/stuttgart/stuttgart_000109_000019_leftImg8bit.png	gtFine/train/stuttgart/stuttgart_000109_000019_gtFine_labelIds.png
leftImg8bit/train/stuttgart/stuttgart_000133_000019_leftImg8bit.png	gtFine/train/stuttgart/stuttgart_000133_000019_gtFine_labelIds.png
leftImg8bit/train/stuttgart/stuttgart_000140_000019_leftImg8bit.png	gtFine/train/stuttgart/stuttgart_000140_000019_gtFine_labelIds.png
leftImg8bit/train/stuttgart/stuttgart_000141_000019_leftImg8bit.png	gtFine/train/stuttgart/stuttgart_000141_000019_gtFine_labelIds.png
leftImg8bit/train/stuttgart/stuttgart_000166_000019_leftImg8bit.png	gtFine/train/stuttgart/stuttgart_000166_000019_gtFine_labelIds.png
leftImg8bit/train/stuttgart/stuttgart_000168_000019_leftImg8bit.png	gtFine/train/stuttgart/stuttgart_000168_000019_gtFine_labelIds.png
leftImg8bit/train/stuttgart/stuttgart_000169_000019_leftImg8bit.png	gtFine/train/stuttgart/stuttgart_000169_000019_gtFine_labelIds.png
leftImg8bit/train/stuttgart/stuttgart_000170_000019_leftImg8bit.png	gtFine/train/stuttgart/stuttgart_000170_000019_gtFine_labelIds.png
leftImg8bit/train/stuttgart/stuttgart_000171_000019_leftImg8bit.png	gtFine/train/stuttgart/stuttgart_000171_000019_gtFine_labelIds.png
leftImg8bit/train/stuttgart/stuttgart_000172_000019_leftImg8bit.png	gtFine/train/stuttgart/stuttgart_000172_000019_gtFine_labelIds.png
leftImg8bit/train/stuttgart/stuttgart_000174_000019_leftImg8bit.png	gtFine/train/stuttgart/stuttgart_000174_000019_gtFine_labelIds.png
leftImg8bit/train/stuttgart/stuttgart_000175_000019_leftImg8bit.png	gtFine/train/stuttgart/stuttgart_000175_000019_gtFine_labelIds.png
leftImg8bit/train/stuttgart/stuttgart_000178_000019_leftImg8bit.png	gtFine/train/stuttgart/stuttgart_000178_000019_gtFine_labelIds.png
leftImg8bit/train/stuttgart/stuttgart_000182_000019_leftImg8bit.png	gtFine/train/stuttgart/stuttgart_000182_000019_gtFine_labelIds.png
leftImg8bit/train/stuttgart/stuttgart_000184_000019_leftImg8bit.png	gtFine/train/stuttgart/stuttgart_000184_000019_gtFine_labelIds.png
leftImg8bit/train/stuttgart/stuttgart_000186_000019_leftImg8bit.png	gtFine/train/stuttgart/stuttgart_000186_000019_gtFine_labelIds.png
leftImg8bit/train/stuttgart/stuttgart_000189_000019_leftImg8bit.png	gtFine/train/stuttgart/stuttgart_000189_000019_gtFine_labelIds.png
leftImg8bit/train/tubingen/tubingen_000002_000019_leftImg8bit.png	gtFine/train/tubingen/tubingen_000002_000019_gtFine_labelIds.png
leftImg8bit/train/tubingen/tubingen_000003_000019_leftImg8bit.png	gtFine/train/tubingen/tubingen_000003_000019_gtFine_labelIds.png
leftImg8bit/train/tubingen/tubingen_000004_000019_leftImg8bit.png	gtFine/train/tubingen/tubingen_000004_000019_gtFine_labelIds.png
leftImg8bit/train/tubingen/tubingen_000007_000019_leftImg8bit.png	gtFine/train/tubingen/tubingen_000007_000019_gtFine_labelIds.png
leftImg8bit/train/tubingen/tubingen_000008_000019_leftImg8bit.png	gtFine/train/tubingen/tubingen_000008_000019_gtFine_labelIds.png
leftImg8bit/train/tubingen/tubingen_000009_000019_leftImg8bit.png	gtFine/train/tubingen/tubingen_000009_000019_gtFine_labelIds.png
leftImg8bit/train/tubingen/tubingen_000010_000019_leftImg8bit.png	gtFine/train/tubingen/tubingen_000010_000019_gtFine_labelIds.png
leftImg8bit/train/tubingen/tubingen_000031_000019_leftImg8bit.png	gtFine/train/tubingen/tubingen_000031_000019_gtFine_labelIds.png
leftImg8bit/train/tubingen/tubingen_000043_000019_leftImg8bit.png	gtFine/train/tubingen/tubingen_000043_000019_gtFine_labelIds.png
leftImg8bit/train/tubingen/tubingen_000047_000019_leftImg8bit.png	gtFine/train/tubingen/tubingen_000047_000019_gtFine_labelIds.png
leftImg8bit/train/tubingen/tubingen_000048_000019_leftImg8bit.png	gtFine/train/tubingen/tubingen_000048_000019_gtFine_labelIds.png
leftImg8bit/train/tubingen/tubingen_000050_000019_leftImg8bit.png	gtFine/train/tubingen/tubingen_000050_000019_gtFine_labelIds.png
leftImg8bit/train/tubingen/tubingen_000059_000019_leftImg8bit.png	gtFine/train/tubingen/tubingen_000059_000019_gtFine_labelIds.png
leftImg8bit/train/tubingen/tubingen_000068_000019_leftImg8bit.png	gtFine/train/tubingen/tubingen_000068_000019_gtFine_labelIds.png
leftImg8bit/train/tubingen/tubingen_000075_000019_leftImg8bit.png	gtFine/train/tubingen/tubingen_000075_000019_gtFine_labelIds.png
leftImg8bit/train/tubingen/tubingen_000108_000019_leftImg8bit.png	gtFine/train/tubingen/tubingen_000108_000019_gtFine_labelIds.png
leftImg8bit/train/tubingen/tubingen_000109_000019_leftImg8bit.png	gtFine/train/tubingen/tubingen_000109_000019_gtFine_labelIds.png
leftImg8bit/train/tubingen/tubingen_000120_000019_leftImg8bit.png	gtFine/train/tubingen/tubingen_000120_000019_gtFine_labelIds.png
leftImg8bit/train/tubingen/tubingen_000124_000019_leftImg8bit.png	gtFine/train/tubingen/tubingen_000124_000019_gtFine_labelIds.png
leftImg8bit/train/ulm/ulm_000005_000019_leftImg8bit.png	gtFine/train/ulm/ulm_000005_000019_gtFine_labelIds.png
leftImg8bit/train/ulm/ulm_000006_000019_leftImg8bit.png	gtFine/train/ulm/ulm_000006_000019_gtFine_labelIds.png
leftImg8bit/train/ulm/ulm_000010_000019_leftImg8bit.png	gtFine/train/ulm/ulm_000010_000019_gtFine_labelIds.png
leftImg8bit/train/ulm/ulm_000011_000019_leftImg8bit.png	gtFine/train/ulm/ulm_000011_000019_gtFine_labelIds.png
leftImg8bit/train/ulm/ulm_000012_000019_leftImg8bit.png	gtFine/train/ulm/ulm_000012_000019_gtFine_labelIds.png
leftImg8bit/train/ulm/ulm_000019_000019_leftImg8bit.png	gtFine/train/ulm/ulm_000019_000019_gtFine_labelIds.png
leftImg8bit/train/ulm/ulm_000024_000019_leftImg8bit.png	gtFine/train/ulm/ulm_000024_000019_gtFine_labelIds.png
leftImg8bit/train/ulm/ulm_000027_000019_leftImg8bit.png	gtFine/train/ulm/ulm_000027_000019_gtFine_labelIds.png
leftImg8bit/train/ulm/ulm_000030_000019_leftImg8bit.png	gtFine/train/ulm/ulm_000030_000019_gtFine_labelIds.png
leftImg8bit/train/ulm/ulm_000032_000019_leftImg8bit.png	gtFine/train/ulm/ulm_000032_000019_gtFine_labelIds.png
leftImg8bit/train/ulm/ulm_000041_000019_leftImg8bit.png	gtFine/train/ulm/ulm_000041_000019_gtFine_labelIds.png
leftImg8bit/train/ulm/ulm_000045_000019_leftImg8bit.png	gtFine/train/ulm/ulm_000045_000019_gtFine_labelIds.png
leftImg8bit/train/ulm/ulm_000049_000019_leftImg8bit.png	gtFine/train/ulm/ulm_000049_000019_gtFine_labelIds.png
leftImg8bit/train/ulm/ulm_000053_000019_leftImg8bit.png	gtFine/train/ulm/ulm_000053_000019_gtFine_labelIds.png
leftImg8bit/train/ulm/ulm_000064_000019_leftImg8bit.png	gtFine/train/ulm/ulm_000064_000019_gtFine_labelIds.png
leftImg8bit/train/ulm/ulm_000067_000019_leftImg8bit.png	gtFine/train/ulm/ulm_000067_000019_gtFine_labelIds.png
leftImg8bit/train/ulm/ulm_000068_000019_leftImg8bit.png	gtFine/train/ulm/ulm_000068_000019_gtFine_labelIds.png
leftImg8bit/train/ulm/ulm_000069_000019_leftImg8bit.png	gtFine/train/ulm/ulm_000069_000019_gtFine_labelIds.png
leftImg8bit/train/ulm/ulm_000084_000019_leftImg8bit.png	gtFine/train/ulm/ulm_000084_000019_gtFine_labelIds.png
leftImg8bit/train/weimar/weimar_000006_000019_leftImg8bit.png	gtFine/train/weimar/weimar_000006_000019_gtFine_labelIds.png
leftImg8bit/train/weimar/weimar_000017_000019_leftImg8bit.png	gtFine/train/weimar/weimar_000017_000019_gtFine_labelIds.png
leftImg8bit/train/weimar/weimar_000038_000019_leftImg8bit.png	gtFine/train/weimar/weimar_000038_000019_gtFine_labelIds.png
leftImg8bit/train/weimar/weimar_000042_000019_leftImg8bit.png	gtFine/train/weimar/weimar_000042_000019_gtFine_labelIds.png
leftImg8bit/train/weimar/weimar_000045_000019_leftImg8bit.png	gtFine/train/weimar/weimar_000045_000019_gtFine_labelIds.png
leftImg8bit/train/weimar/weimar_000050_000019_leftImg8bit.png	gtFine/train/weimar/weimar_000050_000019_gtFine_labelIds.png
leftImg8bit/train/weimar/weimar_000064_000019_leftImg8bit.png	gtFine/train/weimar/weimar_000064_000019_gtFine_labelIds.png
leftImg8bit/train/weimar/weimar_000068_000019_leftImg8bit.png	gtFine/train/weimar/weimar_000068_000019_gtFine_labelIds.png
leftImg8bit/train/weimar/weimar_000072_000019_leftImg8bit.png	gtFine/train/weimar/weimar_000072_000019_gtFine_labelIds.png
leftImg8bit/train/weimar/weimar_000073_000019_leftImg8bit.png	gtFine/train/weimar/weimar_000073_000019_gtFine_labelIds.png
leftImg8bit/train/weimar/weimar_000074_000019_leftImg8bit.png	gtFine/train/weimar/weimar_000074_000019_gtFine_labelIds.png
leftImg8bit/train/weimar/weimar_000078_000019_leftImg8bit.png	gtFine/train/weimar/weimar_000078_000019_gtFine_labelIds.png
leftImg8bit/train/weimar/weimar_000100_000019_leftImg8bit.png	gtFine/train/weimar/weimar_000100_000019_gtFine_labelIds.png
leftImg8bit/train/weimar/weimar_000104_000019_leftImg8bit.png	gtFine/train/weimar/weimar_000104_000019_gtFine_labelIds.png
leftImg8bit/train/weimar/weimar_000105_000019_leftImg8bit.png	gtFine/train/weimar/weimar_000105_000019_gtFine_labelIds.png
leftImg8bit/train/weimar/weimar_000111_000019_leftImg8bit.png	gtFine/train/weimar/weimar_000111_000019_gtFine_labelIds.png
leftImg8bit/train/weimar/weimar_000114_000019_leftImg8bit.png	gtFine/train/weimar/weimar_000114_000019_gtFine_labelIds.png
leftImg8bit/train/weimar/weimar_000115_000019_leftImg8bit.png	gtFine/train/weimar/weimar_000115_000019_gtFine_labelIds.png
leftImg8bit/train/weimar/weimar_000117_000019_leftImg8bit.png	gtFine/train/weimar/weimar_000117_000019_gtFine_labelIds.png
leftImg8bit/train/weimar/weimar_000123_000019_leftImg8bit.png	gtFine/train/weimar/weimar_000123_000019_gtFine_labelIds.png
leftImg8bit/train/weimar/weimar_000127_000019_leftImg8bit.png	gtFine/train/weimar/weimar_000127_000019_gtFine_labelIds.png
leftImg8bit/train/weimar/weimar_000128_000019_leftImg8bit.png	gtFine/train/weimar/weimar_000128_000019_gtFine_labelIds.png
leftImg8bit/train/weimar/weimar_000130_000019_leftImg8bit.png	gtFine/train/weimar/weimar_000130_000019_gtFine_labelIds.png
leftImg8bit/train/weimar/weimar_000133_000019_leftImg8bit.png	gtFine/train/weimar/weimar_000133_000019_gtFine_labelIds.png
leftImg8bit/train/weimar/weimar_000140_000019_leftImg8bit.png	gtFine/train/weimar/weimar_000140_000019_gtFine_labelIds.png
leftImg8bit/train/zurich/zurich_000000_000019_leftImg8bit.png	gtFine/train/zurich/zurich_000000_000019_gtFine_labelIds.png
leftImg8bit/train/zurich/zurich_000001_000019_leftImg8bit.png	gtFine/train/zurich/zurich_000001_000019_gtFine_labelIds.png
leftImg8bit/train/zurich/zurich_000002_000019_leftImg8bit.png	gtFine/train/zurich/zurich_000002_000019_gtFine_labelIds.png
leftImg8bit/train/zurich/zurich_000003_000019_leftImg8bit.png	gtFine/train/zurich/zurich_000003_000019_gtFine_labelIds.png
leftImg8bit/train/zurich/zurich_000005_000019_leftImg8bit.png	gtFine/train/zurich/zurich_000005_000019_gtFine_labelIds.png
leftImg8bit/train/zurich/zurich_000006_000019_leftImg8bit.png	gtFine/train/zurich/zurich_000006_000019_gtFine_labelIds.png
leftImg8bit/train/zurich/zurich_000009_000019_leftImg8bit.png	gtFine/train/zurich/zurich_000009_000019_gtFine_labelIds.png
leftImg8bit/train/zurich/zurich_000012_000019_leftImg8bit.png	gtFine/train/zurich/zurich_000012_000019_gtFine_labelIds.png
leftImg8bit/train/zurich/zurich_000014_000019_leftImg8bit.png	gtFine/train/zurich/zurich_000014_000019_gtFine_labelIds.png
leftImg8bit/train/zurich/zurich_000015_000019_leftImg8bit.png	gtFine/train/zurich/zurich_000015_000019_gtFine_labelIds.png
leftImg8bit/train/zurich/zurich_000017_000019_leftImg8bit.png	gtFine/train/zurich/zurich_000017_000019_gtFine_labelIds.png
leftImg8bit/train/zurich/zurich_000023_000019_leftImg8bit.png	gtFine/train/zurich/zurich_000023_000019_gtFine_labelIds.png
leftImg8bit/train/zurich/zurich_000039_000019_leftImg8bit.png	gtFine/train/zurich/zurich_000039_000019_gtFine_labelIds.png
leftImg8bit/train/zurich/zurich_000040_000019_leftImg8bit.png	gtFine/train/zurich/zurich_000040_000019_gtFine_labelIds.png
leftImg8bit/train/zurich/zurich_000041_000019_leftImg8bit.png	gtFine/train/zurich/zurich_000041_000019_gtFine_labelIds.png
leftImg8bit/train/zurich/zurich_000043_000019_leftImg8bit.png	gtFine/train/zurich/zurich_000043_000019_gtFine_labelIds.png
leftImg8bit/train/zurich/zurich_000044_000019_leftImg8bit.png	gtFine/train/zurich/zurich_000044_000019_gtFine_labelIds.png
leftImg8bit/train/zurich/zurich_000045_000019_leftImg8bit.png	gtFine/train/zurich/zurich_000045_000019_gtFine_labelIds.png
leftImg8bit/train/zurich/zurich_000059_000019_leftImg8bit.png	gtFine/train/zurich/zurich_000059_000019_gtFine_labelIds.png
leftImg8bit/train/zurich/zurich_000061_000019_leftImg8bit.png	gtFine/train/zurich/zurich_000061_000019_gtFine_labelIds.png
leftImg8bit/train/zurich/zurich_000062_000019_leftImg8bit.png	gtFine/train/zurich/zurich_000062_000019_gtFine_labelIds.png
leftImg8bit/train/zurich/zurich_000065_000019_leftImg8bit.png	gtFine/train/zurich/zurich_000065_000019_gtFine_labelIds.png
leftImg8bit/train/zurich/zurich_000076_000019_leftImg8bit.png	gtFine/train/zurich/zurich_000076_000019_gtFine_labelIds.png
leftImg8bit/train/zurich/zurich_000079_000019_leftImg8bit.png	gtFine/train/zurich/zurich_000079_000019_gtFine_labelIds.png
leftImg8bit/train/zurich/zurich_000087_000019_leftImg8bit.png	gtFine/train/zurich/zurich_000087_000019_gtFine_labelIds.png
leftImg8bit/train/zurich/zurich_000101_000019_leftImg8bit.png	gtFine/train/zurich/zurich_000101_000019_gtFine_labelIds.png
leftImg8bit/train/zurich/zurich_000113_000019_leftImg8bit.png	gtFine/train/zurich/zurich_000113_000019_gtFine_labelIds.png
leftImg8bit/train/zurich/zurich_000116_000019_leftImg8bit.png	gtFine/train/zurich/zurich_000116_000019_gtFine_labelIds.png
leftImg8bit/train/zurich/zurich_000117_000019_leftImg8bit.png	gtFine/train/zurich/zurich_000117_000019_gtFine_labelIds.png
leftImg8bit/train/zurich/zurich_000119_000019_leftImg8bit.png	gtFine/train/zurich/zurich_000119_000019_gtFine_labelIds.png
